2025-11-26 10:00:45 - elperuano_scraper - INFO - Starting El Peruano Scraper
2025-11-26 10:00:45 - elperuano_scraper - INFO - Modo de navegador: HEADLESS (sin ventana)
2025-11-26 10:00:45 - elperuano_scraper - WARNING - No se pudo obtener zona horaria de Perú: 'No time zone found with key America/Lima'
2025-11-26 10:00:45 - elperuano_scraper - INFO - Usando fecha local: 26/11/2025
2025-11-26 10:00:45 - elperuano_scraper - INFO - Iniciando navegador...
2025-11-26 10:00:45 - elperuano_scraper - INFO - Configurando navegador: AUTO
2025-11-26 10:00:45 - elperuano_scraper - INFO - Auto-detectando navegadores disponibles...
2025-11-26 10:00:45 - elperuano_scraper - INFO - Probando CHROME...
2025-11-26 10:00:50 - elperuano_scraper - INFO - ✓ CHROME disponible
2025-11-26 10:00:54 - elperuano_scraper - INFO - Chrome configurado en modo HEADLESS
2025-11-26 10:00:55 - elperuano_scraper - INFO - ✓ Chrome configurado
2025-11-26 10:00:55 - elperuano_scraper - INFO - Navegando a https://diariooficial.elperuano.pe/Normas
2025-11-26 10:01:02 - elperuano_scraper - INFO - Buscando documentos para: 26/11/2025
2025-11-26 10:01:02 - elperuano_scraper - INFO - Llenando campo cddesde con fecha: 26/11/2025
2025-11-26 10:01:03 - elperuano_scraper - INFO - ✓ Campo cddesde llenado
2025-11-26 10:01:04 - elperuano_scraper - INFO - Llenando campo cdhasta con fecha: 26/11/2025
2025-11-26 10:01:05 - elperuano_scraper - INFO - ✓ Campo cdhasta llenado
2025-11-26 10:01:07 - elperuano_scraper - INFO - ✓ Botón de búsqueda clickeado
2025-11-26 10:01:07 - elperuano_scraper - INFO - Esperando resultados...
2025-11-26 10:01:12 - elperuano_scraper - INFO - ✓ Resultados cargados
2025-11-26 10:01:14 - elperuano_scraper - INFO - Buscando primer cuadernillo completo...
2025-11-26 10:01:14 - elperuano_scraper - INFO - ✓ Cuadernillo encontrado: https://epdoc2.elperuano.pe/EpPo/Descarga.asp?Referencias=TkwyMDI1MTEyNg==
2025-11-26 10:01:14 - elperuano_scraper - INFO - Descargando PDF...
2025-11-26 10:01:17 - elperuano_scraper - INFO - ✓ Descarga completa: 20251126.pdf (25.71 MB)
2025-11-26 10:01:17 - elperuano_scraper - INFO - ============================================================
2025-11-26 10:01:17 - elperuano_scraper - INFO - ✓ DESCARGA EXITOSA: downloads\20251126.pdf
2025-11-26 10:01:17 - elperuano_scraper - INFO - ============================================================
2025-11-26 10:01:17 - elperuano_scraper - INFO - Cerrando navegador...
2025-11-26 10:01:22 - elperuano_scraper - INFO - ✓ Download completed successfully!
2025-11-26 10:01:29 - elperuano_scraper - INFO - ✓ File uploaded to Drive successfully!
