2025-11-26 09:55:51 - elperuano_scraper - INFO - Starting El Peruano Scraper
2025-11-26 09:55:51 - elperuano_scraper - INFO - Modo de navegador: HEADLESS (sin ventana)
2025-11-26 09:55:51 - elperuano_scraper - WARNING - No se pudo obtener zona horaria de Perú: 'No time zone found with key America/Lima'
2025-11-26 09:55:51 - elperuano_scraper - INFO - Usando fecha local: 26/11/2025
2025-11-26 09:55:51 - elperuano_scraper - INFO - Iniciando navegador...
2025-11-26 09:55:51 - elperuano_scraper - INFO - Configurando navegador: AUTO
2025-11-26 09:55:51 - elperuano_scraper - INFO - Auto-detectando navegadores disponibles...
2025-11-26 09:55:51 - elperuano_scraper - INFO - Probando CHROME...
2025-11-26 09:55:55 - elperuano_scraper - INFO - ✓ CHROME disponible
2025-11-26 09:55:59 - elperuano_scraper - INFO - Chrome configurado en modo HEADLESS
2025-11-26 09:56:01 - elperuano_scraper - INFO - ✓ Chrome configurado
2025-11-26 09:56:01 - elperuano_scraper - INFO - Navegando a https://diariooficial.elperuano.pe/Normas
2025-11-26 09:56:08 - elperuano_scraper - INFO - Buscando documentos para: 26/11/2025
2025-11-26 09:56:08 - elperuano_scraper - INFO - Llenando campo cddesde con fecha: 26/11/2025
2025-11-26 09:56:08 - elperuano_scraper - INFO - ✓ Campo cddesde llenado
2025-11-26 09:56:09 - elperuano_scraper - INFO - Llenando campo cdhasta con fecha: 26/11/2025
2025-11-26 09:56:10 - elperuano_scraper - INFO - ✓ Campo cdhasta llenado
2025-11-26 09:56:12 - elperuano_scraper - INFO - ✓ Botón de búsqueda clickeado
2025-11-26 09:56:12 - elperuano_scraper - INFO - Esperando resultados...
2025-11-26 09:56:18 - elperuano_scraper - INFO - ✓ Resultados cargados
2025-11-26 09:56:21 - elperuano_scraper - INFO - Buscando primer cuadernillo completo...
2025-11-26 09:56:21 - elperuano_scraper - INFO - ✓ Cuadernillo encontrado: https://epdoc2.elperuano.pe/EpPo/Descarga.asp?Referencias=TkwyMDI1MTEyNg==
2025-11-26 09:56:21 - elperuano_scraper - INFO - Descargando PDF...
2025-11-26 09:56:21 - elperuano_scraper - ERROR - Error al descargar cuadernillo: HTTPSConnectionPool(host='epdoc2.elperuano.pe', port=443): Max retries exceeded with url: /EpPo/Descarga.asp?Referencias=TkwyMDI1MTEyNg== (Caused by SSLError(SSLEOFError(8, '[SSL: UNEXPECTED_EOF_WHILE_READING] EOF occurred in violation of protocol (_ssl.c:1028)')))
2025-11-26 09:56:21 - elperuano_scraper - INFO - Cerrando navegador...
2025-11-26 09:56:25 - elperuano_scraper - ERROR - ✗ Download failed
