2025-11-25 13:04:19 - elperuano_scraper - INFO - Starting El Peruano Scraper
2025-11-25 13:04:19 - elperuano_scraper - WARNING - No se pudo obtener zona horaria de Perú: 'No time zone found with key America/Lima'
2025-11-25 13:04:19 - elperuano_scraper - INFO - Usando fecha local: 25/11/2025
2025-11-25 13:04:19 - elperuano_scraper - INFO - Iniciando navegador...
2025-11-25 13:04:19 - elperuano_scraper - INFO - Configurando navegador: AUTO
2025-11-25 13:04:19 - elperuano_scraper - INFO - Detectando CHROME...
2025-11-25 13:04:23 - elperuano_scraper - INFO - ✓ CHROME está disponible
2025-11-25 13:04:29 - elperuano_scraper - INFO - ✓ Chrome configurado
2025-11-25 13:04:29 - elperuano_scraper - INFO - Navegando a https://diariooficial.elperuano.pe/Normas
2025-11-25 13:04:35 - elperuano_scraper - INFO - Buscando documentos para: 25/11/2025
2025-11-25 13:04:35 - elperuano_scraper - INFO - Llenando campo cddesde con fecha: 25/11/2025
2025-11-25 13:04:36 - elperuano_scraper - INFO - ✓ Campo cddesde llenado
2025-11-25 13:04:36 - elperuano_scraper - INFO - Llenando campo cdhasta con fecha: 25/11/2025
2025-11-25 13:04:37 - elperuano_scraper - INFO - ✓ Campo cdhasta llenado
2025-11-25 13:04:38 - elperuano_scraper - INFO - ✓ Botón de búsqueda clickeado
2025-11-25 13:04:38 - elperuano_scraper - INFO - Esperando resultados...
2025-11-25 13:04:43 - elperuano_scraper - INFO - ✓ Resultados cargados
2025-11-25 13:04:45 - elperuano_scraper - INFO - Buscando primer cuadernillo completo...
2025-11-25 13:04:45 - elperuano_scraper - INFO - ✓ Cuadernillo encontrado: https://epdoc2.elperuano.pe/EpPo/Descarga.asp?Referencias=TkwyMDI1MTEyNQ==
2025-11-25 13:04:45 - elperuano_scraper - INFO - Descargando PDF...
2025-11-25 13:04:46 - elperuano_scraper - ERROR - Error al descargar cuadernillo: HTTPSConnectionPool(host='epdoc2.elperuano.pe', port=443): Max retries exceeded with url: /EpPo/Descarga.asp?Referencias=TkwyMDI1MTEyNQ== (Caused by SSLError(SSLEOFError(8, '[SSL: UNEXPECTED_EOF_WHILE_READING] EOF occurred in violation of protocol (_ssl.c:1028)')))
2025-11-25 13:04:46 - elperuano_scraper - INFO - Cerrando navegador...
2025-11-25 13:04:50 - elperuano_scraper - ERROR - ✗ Download failed
2025-11-25 13:04:50 - elperuano_scraper - INFO - Scraper finished
