2025-11-25 15:10:24 - elperuano_scraper - INFO - Starting El Peruano Scraper
2025-11-25 15:10:24 - elperuano_scraper - WARNING - No se pudo obtener zona horaria de Perú: 'No time zone found with key America/Lima'
2025-11-25 15:10:24 - elperuano_scraper - INFO - Usando fecha local: 25/11/2025
2025-11-25 15:10:24 - elperuano_scraper - INFO - Iniciando navegador...
2025-11-25 15:10:24 - elperuano_scraper - INFO - Configurando navegador: AUTO
2025-11-25 15:10:24 - elperuano_scraper - INFO - Detectando CHROME...
2025-11-25 15:10:29 - elperuano_scraper - INFO - ✓ CHROME está disponible
2025-11-25 15:10:35 - elperuano_scraper - INFO - ✓ Chrome configurado
2025-11-25 15:10:35 - elperuano_scraper - INFO - Navegando a https://diariooficial.elperuano.pe/Normas
2025-11-25 15:10:42 - elperuano_scraper - INFO - Buscando documentos para: 25/11/2025
2025-11-25 15:10:42 - elperuano_scraper - INFO - Llenando campo cddesde con fecha: 25/11/2025
2025-11-25 15:10:43 - elperuano_scraper - INFO - ✓ Campo cddesde llenado
2025-11-25 15:10:44 - elperuano_scraper - INFO - Llenando campo cdhasta con fecha: 25/11/2025
2025-11-25 15:10:45 - elperuano_scraper - INFO - ✓ Campo cdhasta llenado
2025-11-25 15:10:46 - elperuano_scraper - INFO - ✓ Botón de búsqueda clickeado
2025-11-25 15:10:46 - elperuano_scraper - INFO - Esperando resultados...
2025-11-25 15:10:51 - elperuano_scraper - INFO - ✓ Resultados cargados
2025-11-25 15:10:53 - elperuano_scraper - INFO - Buscando primer cuadernillo completo...
2025-11-25 15:10:53 - elperuano_scraper - INFO - ✓ Cuadernillo encontrado: https://epdoc2.elperuano.pe/EpPo/Descarga.asp?Referencias=TkwyMDI1MTEyNQ==
2025-11-25 15:10:53 - elperuano_scraper - INFO - Descargando PDF...
2025-11-25 15:10:56 - elperuano_scraper - INFO - ✓ Descarga completa: 20251125.pdf (8.50 MB)
2025-11-25 15:10:56 - elperuano_scraper - INFO - ============================================================
2025-11-25 15:10:56 - elperuano_scraper - INFO - ✓ DESCARGA EXITOSA
2025-11-25 15:10:56 - elperuano_scraper - INFO - ============================================================
2025-11-25 15:10:56 - elperuano_scraper - INFO - Cerrando navegador...
2025-11-25 15:11:00 - elperuano_scraper - INFO - ✓ Download completed successfully!
2025-11-25 15:11:00 - elperuano_scraper - ERROR - ✗ Error uploading to Drive: expected str, bytes or os.PathLike object, not bool
Traceback (most recent call last):
  File "C:\Users\diego\OneDrive\Escritorio\New folder (3)\elperuano-scraper\main.py", line 34, in main
    upload_to_drive(downloaded_file)
    ~~~~~~~~~~~~~~~^^^^^^^^^^^^^^^^^
  File "C:\Users\diego\OneDrive\Escritorio\New folder (3)\elperuano-scraper\src\upload_drive.py", line 27, in upload_to_drive
    file_name = os.path.basename(file_path)
  File "<frozen ntpath>", line 256, in basename
  File "<frozen ntpath>", line 227, in split
TypeError: expected str, bytes or os.PathLike object, not bool
