2025-11-26 10:45:31 - elperuano_scraper - INFO - Starting El Peruano Scraper
2025-11-26 10:45:31 - elperuano_scraper - INFO - Modo de navegador: HEADLESS (sin ventana)
2025-11-26 10:45:31 - elperuano_scraper - WARNING - No se pudo obtener zona horaria de Perú: 'No time zone found with key America/Lima'
2025-11-26 10:45:31 - elperuano_scraper - INFO - Usando fecha local: 26/11/2025
2025-11-26 10:45:31 - elperuano_scraper - INFO - Iniciando navegador...
2025-11-26 10:45:31 - elperuano_scraper - INFO - Configurando navegador: AUTO
2025-11-26 10:45:31 - elperuano_scraper - INFO - Auto-detectando navegadores disponibles...
2025-11-26 10:45:31 - elperuano_scraper - INFO - Probando CHROME...
2025-11-26 10:45:35 - elperuano_scraper - INFO - ✓ CHROME disponible
2025-11-26 10:45:39 - elperuano_scraper - INFO - Chrome configurado en modo HEADLESS
2025-11-26 10:45:41 - elperuano_scraper - INFO - ✓ Chrome configurado
2025-11-26 10:45:41 - elperuano_scraper - INFO - Navegando a https://diariooficial.elperuano.pe/Normas
2025-11-26 10:45:47 - elperuano_scraper - INFO - Buscando primer cuadernillo completo...
2025-11-26 10:45:47 - elperuano_scraper - INFO - ✓ Cuadernillo encontrado: https://epdoc2.elperuano.pe/EpPo/Descarga.asp?Referencias=TkwyMDI1MTEyNg==
2025-11-26 10:45:47 - elperuano_scraper - INFO - Descargando PDF...
2025-11-26 10:45:51 - elperuano_scraper - INFO - ✓ Descarga completa: 20251126.pdf (25.71 MB)
2025-11-26 10:45:51 - elperuano_scraper - INFO - ============================================================
2025-11-26 10:45:51 - elperuano_scraper - INFO - ✓ DESCARGA EXITOSA: downloads\20251126.pdf
2025-11-26 10:45:51 - elperuano_scraper - INFO - ============================================================
2025-11-26 10:45:51 - elperuano_scraper - INFO - Procediendo a subir archivo...
2025-11-26 10:46:02 - elperuano_scraper - INFO - ✓ Subida exitosa, borrando archivo local...
2025-11-26 10:46:02 - elperuano_scraper - INFO -  Archivo borrado: 20251126.pdf
2025-11-26 10:46:02 - elperuano_scraper - INFO - Cerrando navegador...
2025-11-26 10:46:06 - elperuano_scraper - INFO - ✓ Download completed successfully!
2025-11-26 10:46:06 - elperuano_scraper - INFO - ✓ Upload and cleanup completed!
