2025-11-25 12:24:05 - elperuano_scraper - INFO - Starting El Peruano Scraper
2025-11-25 12:24:05 - elperuano_scraper - INFO - Searching for date: 25/11/2025
2025-11-25 12:24:05 - elperuano_scraper - INFO - Iniciando navegador...
2025-11-25 12:24:07 - elperuano_scraper - INFO - Navegando a https://diariooficial.elperuano.pe/Normas
2025-11-25 12:24:14 - elperuano_scraper - INFO - Buscando documentos para: 25/11/2025
2025-11-25 12:24:14 - elperuano_scraper - INFO - Llenando campo cddesde con fecha: 25/11/2025
2025-11-25 12:24:15 - elperuano_scraper - INFO - ✓ Campo cddesde llenado
2025-11-25 12:24:15 - elperuano_scraper - INFO - Llenando campo cdhasta con fecha: 25/11/2025
2025-11-25 12:24:16 - elperuano_scraper - INFO - ✓ Campo cdhasta llenado
2025-11-25 12:24:17 - elperuano_scraper - INFO - ✓ Botón de búsqueda clickeado
2025-11-25 12:24:17 - elperuano_scraper - INFO - Esperando resultados...
2025-11-25 12:24:22 - elperuano_scraper - INFO - ✓ Resultados cargados
2025-11-25 12:24:24 - elperuano_scraper - INFO - Buscando primer cuadernillo completo...
2025-11-25 12:24:24 - elperuano_scraper - INFO - ✓ Cuadernillo encontrado: https://epdoc2.elperuano.pe/EpPo/Descarga.asp?Referencias=TkwyMDI1MTEyNQ==
2025-11-25 12:24:24 - elperuano_scraper - INFO - Descargando PDF...
2025-11-25 12:24:28 - elperuano_scraper - INFO - ✓ Descarga completa: 20251125_cuadernillo.pdf (8.50 MB)
2025-11-25 12:24:28 - elperuano_scraper - INFO - ============================================================
2025-11-25 12:24:28 - elperuano_scraper - INFO - ✓ DESCARGA EXITOSA
2025-11-25 12:24:28 - elperuano_scraper - INFO - ============================================================
2025-11-25 12:24:28 - elperuano_scraper - INFO - Cerrando navegador...
2025-11-25 12:24:32 - elperuano_scraper - INFO - ✓ Download completed successfully!
2025-11-25 12:24:32 - elperuano_scraper - INFO - Scraper finished
