2025-11-25 15:49:18 - elperuano_scraper - INFO - Starting El Peruano Scraper
2025-11-25 15:49:18 - elperuano_scraper - INFO - Fecha actual en Perú: 25/11/2025
2025-11-25 15:49:18 - elperuano_scraper - INFO - Iniciando navegador...
2025-11-25 15:49:18 - elperuano_scraper - INFO - Configurando navegador: AUTO
2025-11-25 15:49:18 - elperuano_scraper - INFO - Detectando CHROME...
2025-11-25 15:49:23 - elperuano_scraper - INFO - ✓ CHROME está disponible
2025-11-25 15:49:29 - elperuano_scraper - INFO - ✓ Chrome configurado
2025-11-25 15:49:29 - elperuano_scraper - INFO - Navegando a https://diariooficial.elperuano.pe/Normas
2025-11-25 15:49:35 - elperuano_scraper - INFO - Buscando documentos para: 25/11/2025
2025-11-25 15:49:35 - elperuano_scraper - INFO - Llenando campo cddesde con fecha: 25/11/2025
2025-11-25 15:49:36 - elperuano_scraper - INFO - ✓ Campo cddesde llenado
2025-11-25 15:49:37 - elperuano_scraper - INFO - Llenando campo cdhasta con fecha: 25/11/2025
2025-11-25 15:49:37 - elperuano_scraper - INFO - ✓ Campo cdhasta llenado
2025-11-25 15:49:38 - elperuano_scraper - INFO - ✓ Botón de búsqueda clickeado
2025-11-25 15:49:38 - elperuano_scraper - INFO - Esperando resultados...
2025-11-25 15:49:44 - elperuano_scraper - INFO - ✓ Resultados cargados
2025-11-25 15:49:46 - elperuano_scraper - INFO - Buscando primer cuadernillo completo...
2025-11-25 15:49:46 - elperuano_scraper - INFO - ✓ Cuadernillo encontrado: https://epdoc2.elperuano.pe/EpPo/Descarga.asp?Referencias=TkwyMDI1MTEyNQ==
2025-11-25 15:49:46 - elperuano_scraper - INFO - Descargando PDF...
2025-11-25 15:49:47 - elperuano_scraper - INFO - ✓ Descarga completa: 20251125.pdf (8.50 MB)
2025-11-25 15:49:47 - elperuano_scraper - INFO - ============================================================
2025-11-25 15:49:47 - elperuano_scraper - INFO - ✓ DESCARGA EXITOSA: downloads\20251125.pdf
2025-11-25 15:49:47 - elperuano_scraper - INFO - ============================================================
2025-11-25 15:49:47 - elperuano_scraper - INFO - Cerrando navegador...
2025-11-25 15:49:51 - elperuano_scraper - INFO - ✓ Download completed successfully!
2025-11-25 15:50:07 - elperuano_scraper - INFO - ✓ File uploaded to Drive successfully!
